  main.cpp
C:\EE 569 Image processing\EE569-Digital-Signal-Processing\hw2\dipHeader.h(100,22): warning C4244: '=': conversion from 'double' to 'unsigned char', possible loss of data
C:\EE 569 Image processing\EE569-Digital-Signal-Processing\hw2\dipHeader.h(102,22): warning C4244: '=': conversion from 'double' to 'unsigned char', possible loss of data
C:\EE 569 Image processing\EE569-Digital-Signal-Processing\hw2\dipHeader.h(110,19): warning C4244: '=': conversion from 'double' to 'unsigned char', possible loss of data
C:\EE 569 Image processing\EE569-Digital-Signal-Processing\hw2\dipHeader.h(116,19): warning C4244: '=': conversion from 'double' to 'unsigned char', possible loss of data
C:\EE 569 Image processing\EE569-Digital-Signal-Processing\hw2\dipHeader.h(123,19): warning C4244: '=': conversion from 'double' to 'unsigned char', possible loss of data
C:\EE 569 Image processing\EE569-Digital-Signal-Processing\hw2\dipHeader.h(130,19): warning C4244: '=': conversion from 'double' to 'unsigned char', possible loss of data
C:\EE 569 Image processing\EE569-Digital-Signal-Processing\hw2\dipHeader.h(138,22): warning C4244: '=': conversion from 'double' to 'unsigned char', possible loss of data
C:\EE 569 Image processing\EE569-Digital-Signal-Processing\hw2\dipHeader.h(140,22): warning C4244: '=': conversion from 'double' to 'unsigned char', possible loss of data
C:\EE 569 Image processing\EE569-Digital-Signal-Processing\hw2\dipHeader.h(384,9): warning C4101: 'rows': unreferenced local variable
C:\EE 569 Image processing\EE569-Digital-Signal-Processing\hw2\dipHeader.h(385,9): warning C4101: 'cols': unreferenced local variable
C:\EE 569 Image processing\EE569-Digital-Signal-Processing\hw2\Color Halftoing with Error Diffusion\main.cpp(239,38): warning C4244: '=': conversion from 'double' to 'unsigned char', possible loss of data
C:\EE 569 Image processing\EE569-Digital-Signal-Processing\hw2\Color Halftoing with Error Diffusion\main.cpp(253,38): warning C4244: '=': conversion from 'double' to 'unsigned char', possible loss of data
C:\EE 569 Image processing\EE569-Digital-Signal-Processing\hw2\Color Halftoing with Error Diffusion\main.cpp(263,128): warning C4244: '+=': conversion from 'double' to 'unsigned char', possible loss of data
C:\EE 569 Image processing\EE569-Digital-Signal-Processing\hw2\Color Halftoing with Error Diffusion\main.cpp(294,116): warning C4244: '+=': conversion from 'double' to 'unsigned char', possible loss of data
C:\EE 569 Image processing\EE569-Digital-Signal-Processing\hw2\Color Halftoing with Error Diffusion\main.cpp(312,122): warning C4244: '+=': conversion from 'double' to 'unsigned char', possible loss of data
C:\EE 569 Image processing\EE569-Digital-Signal-Processing\hw2\Color Halftoing with Error Diffusion\main.cpp(338,112): warning C4244: '+=': conversion from 'double' to 'unsigned char', possible loss of data
C:\EE 569 Image processing\EE569-Digital-Signal-Processing\hw2\Color Halftoing with Error Diffusion\main.cpp(356,122): warning C4244: '+=': conversion from 'double' to 'unsigned char', possible loss of data
C:\EE 569 Image processing\EE569-Digital-Signal-Processing\hw2\Color Halftoing with Error Diffusion\main.cpp(385,116): warning C4244: '+=': conversion from 'double' to 'unsigned char', possible loss of data
C:\EE 569 Image processing\EE569-Digital-Signal-Processing\hw2\Color Halftoing with Error Diffusion\main.cpp(405,122): warning C4244: '+=': conversion from 'double' to 'unsigned char', possible loss of data
C:\EE 569 Image processing\EE569-Digital-Signal-Processing\hw2\Color Halftoing with Error Diffusion\main.cpp(442,110): warning C4244: '+=': conversion from 'double' to 'unsigned char', possible loss of data
C:\EE 569 Image processing\EE569-Digital-Signal-Processing\hw2\Color Halftoing with Error Diffusion\main.cpp(473,118): warning C4244: '+=': conversion from 'double' to 'unsigned char', possible loss of data
C:\EE 569 Image processing\EE569-Digital-Signal-Processing\hw2\Color Halftoing with Error Diffusion\main.cpp(512,117): warning C4244: '+=': conversion from 'double' to 'unsigned char', possible loss of data
C:\EE 569 Image processing\EE569-Digital-Signal-Processing\hw2\Color Halftoing with Error Diffusion\main.cpp(543,123): warning C4244: '+=': conversion from 'double' to 'unsigned char', possible loss of data
C:\EE 569 Image processing\EE569-Digital-Signal-Processing\hw2\Color Halftoing with Error Diffusion\main.cpp(581,117): warning C4244: '+=': conversion from 'double' to 'unsigned char', possible loss of data
C:\EE 569 Image processing\EE569-Digital-Signal-Processing\hw2\Color Halftoing with Error Diffusion\main.cpp(614,123): warning C4244: '+=': conversion from 'double' to 'unsigned char', possible loss of data
C:\EE 569 Image processing\EE569-Digital-Signal-Processing\hw2\dipHeader.h(516): warning C4715: 'compareUnsignedChar': not all control paths return a value
C:\EE 569 Image processing\EE569-Digital-Signal-Processing\hw2\dipHeader.h(523): warning C4715: 'compareInt': not all control paths return a value
  vs.vcxproj -> C:\EE 569 Image processing\EE569-Digital-Signal-Processing\hw2\vs\Debug\vs.exe
